[0.597s] Invoking command in '/workspace/ros2_ws/src/sensor_simulator': PYTHONPATH=/workspace/ros2_ws/build/sensor_simulator/prefix_override:/usr/lib/python3/dist-packages/colcon_core/task/python/colcon_distutils_commands:/workspace/ros2_ws/install/sensor_simulator/lib/python3.10/site-packages:${PYTHONPATH} /usr/bin/python3 -W ignore:setup.py install is deprecated -W ignore:easy_install command is deprecated setup.py egg_info --egg-base ../../build/sensor_simulator build --build-base /workspace/ros2_ws/build/sensor_simulator/build install --record /workspace/ros2_ws/build/sensor_simulator/install.log --single-version-externally-managed install_data
[0.806s] running egg_info
[0.807s] creating ../../build/sensor_simulator/sensor_simulator.egg-info
[0.808s] writing ../../build/sensor_simulator/sensor_simulator.egg-info/PKG-INFO
[0.809s] writing dependency_links to ../../build/sensor_simulator/sensor_simulator.egg-info/dependency_links.txt
[0.809s] writing entry points to ../../build/sensor_simulator/sensor_simulator.egg-info/entry_points.txt
[0.810s] writing requirements to ../../build/sensor_simulator/sensor_simulator.egg-info/requires.txt
[0.810s] writing top-level names to ../../build/sensor_simulator/sensor_simulator.egg-info/top_level.txt
[0.811s] writing manifest file '../../build/sensor_simulator/sensor_simulator.egg-info/SOURCES.txt'
[0.815s] reading manifest file '../../build/sensor_simulator/sensor_simulator.egg-info/SOURCES.txt'
[0.817s] writing manifest file '../../build/sensor_simulator/sensor_simulator.egg-info/SOURCES.txt'
[0.818s] running build
[0.818s] running build_py
[0.819s] creating /workspace/ros2_ws/build/sensor_simulator/build
[0.819s] creating /workspace/ros2_ws/build/sensor_simulator/build/lib
[0.819s] creating /workspace/ros2_ws/build/sensor_simulator/build/lib/sensor_simulator
[0.820s] copying sensor_simulator/sensor_publisher.py -> /workspace/ros2_ws/build/sensor_simulator/build/lib/sensor_simulator
[0.820s] copying sensor_simulator/__init__.py -> /workspace/ros2_ws/build/sensor_simulator/build/lib/sensor_simulator
[0.822s] running install
[0.822s] running install_lib
[0.823s] creating /workspace/ros2_ws/install/sensor_simulator/lib/python3.10/site-packages/sensor_simulator
[0.823s] copying /workspace/ros2_ws/build/sensor_simulator/build/lib/sensor_simulator/sensor_publisher.py -> /workspace/ros2_ws/install/sensor_simulator/lib/python3.10/site-packages/sensor_simulator
[0.824s] copying /workspace/ros2_ws/build/sensor_simulator/build/lib/sensor_simulator/__init__.py -> /workspace/ros2_ws/install/sensor_simulator/lib/python3.10/site-packages/sensor_simulator
[0.826s] byte-compiling /workspace/ros2_ws/install/sensor_simulator/lib/python3.10/site-packages/sensor_simulator/sensor_publisher.py to sensor_publisher.cpython-310.pyc
[0.827s] byte-compiling /workspace/ros2_ws/install/sensor_simulator/lib/python3.10/site-packages/sensor_simulator/__init__.py to __init__.cpython-310.pyc
[0.828s] running install_data
[0.829s] creating /workspace/ros2_ws/install/sensor_simulator/share/ament_index
[0.829s] creating /workspace/ros2_ws/install/sensor_simulator/share/ament_index/resource_index
[0.830s] creating /workspace/ros2_ws/install/sensor_simulator/share/ament_index/resource_index/packages
[0.830s] copying resource/sensor_simulator -> /workspace/ros2_ws/install/sensor_simulator/share/ament_index/resource_index/packages
[0.831s] copying package.xml -> /workspace/ros2_ws/install/sensor_simulator/share/sensor_simulator
[0.834s] running install_egg_info
[0.835s] Copying ../../build/sensor_simulator/sensor_simulator.egg-info to /workspace/ros2_ws/install/sensor_simulator/lib/python3.10/site-packages/sensor_simulator-0.0.0-py3.10.egg-info
[0.848s] running install_scripts
[0.871s] Installing sensor_publisher script to /workspace/ros2_ws/install/sensor_simulator/lib/sensor_simulator
[0.873s] writing list of installed files to '/workspace/ros2_ws/build/sensor_simulator/install.log'
[0.903s] Invoked command in '/workspace/ros2_ws/src/sensor_simulator' returned '0': PYTHONPATH=/workspace/ros2_ws/build/sensor_simulator/prefix_override:/usr/lib/python3/dist-packages/colcon_core/task/python/colcon_distutils_commands:/workspace/ros2_ws/install/sensor_simulator/lib/python3.10/site-packages:${PYTHONPATH} /usr/bin/python3 -W ignore:setup.py install is deprecated -W ignore:easy_install command is deprecated setup.py egg_info --egg-base ../../build/sensor_simulator build --build-base /workspace/ros2_ws/build/sensor_simulator/build install --record /workspace/ros2_ws/build/sensor_simulator/install.log --single-version-externally-managed install_data
