running egg_info
writing ../../build/sensor_simulator/sensor_simulator.egg-info/PKG-INFO
writing dependency_links to ../../build/sensor_simulator/sensor_simulator.egg-info/dependency_links.txt
writing entry points to ../../build/sensor_simulator/sensor_simulator.egg-info/entry_points.txt
writing requirements to ../../build/sensor_simulator/sensor_simulator.egg-info/requires.txt
writing top-level names to ../../build/sensor_simulator/sensor_simulator.egg-info/top_level.txt
reading manifest file '../../build/sensor_simulator/sensor_simulator.egg-info/SOURCES.txt'
writing manifest file '../../build/sensor_simulator/sensor_simulator.egg-info/SOURCES.txt'
running build
running build_py
running install
running install_lib
running install_data
running install_egg_info
removing '/workspace/ros2_ws/install/sensor_simulator/lib/python3.10/site-packages/sensor_simulator-0.0.0-py3.10.egg-info' (and everything under it)
Copying ../../build/sensor_simulator/sensor_simulator.egg-info to /workspace/ros2_ws/install/sensor_simulator/lib/python3.10/site-packages/sensor_simulator-0.0.0-py3.10.egg-info
running install_scripts
Installing sensor_publisher script to /workspace/ros2_ws/install/sensor_simulator/lib/sensor_simulator
Installing sensor_subscriber script to /workspace/ros2_ws/install/sensor_simulator/lib/sensor_simulator
writing list of installed files to '/workspace/ros2_ws/build/sensor_simulator/install.log'
