[0.320s] Invoking command in '/workspace/ros2_ws/src/lidar_pipeline': PYTHONPATH=/workspace/ros2_ws/build/lidar_pipeline/prefix_override:/usr/lib/python3/dist-packages/colcon_core/task/python/colcon_distutils_commands:/workspace/ros2_ws/install/lidar_pipeline/lib/python3.10/site-packages:${PYTHONPATH} /usr/bin/python3 -W ignore:setup.py install is deprecated -W ignore:easy_install command is deprecated setup.py egg_info --egg-base ../../build/lidar_pipeline build --build-base /workspace/ros2_ws/build/lidar_pipeline/build install --record /workspace/ros2_ws/build/lidar_pipeline/install.log --single-version-externally-managed install_data
[0.447s] running egg_info
[0.448s] creating ../../build/lidar_pipeline/lidar_pipeline.egg-info
[0.448s] writing ../../build/lidar_pipeline/lidar_pipeline.egg-info/PKG-INFO
[0.449s] writing dependency_links to ../../build/lidar_pipeline/lidar_pipeline.egg-info/dependency_links.txt
[0.450s] writing entry points to ../../build/lidar_pipeline/lidar_pipeline.egg-info/entry_points.txt
[0.450s] writing requirements to ../../build/lidar_pipeline/lidar_pipeline.egg-info/requires.txt
[0.450s] writing top-level names to ../../build/lidar_pipeline/lidar_pipeline.egg-info/top_level.txt
[0.451s] writing manifest file '../../build/lidar_pipeline/lidar_pipeline.egg-info/SOURCES.txt'
[0.453s] reading manifest file '../../build/lidar_pipeline/lidar_pipeline.egg-info/SOURCES.txt'
[0.454s] writing manifest file '../../build/lidar_pipeline/lidar_pipeline.egg-info/SOURCES.txt'
[0.455s] running build
[0.455s] running build_py
[0.455s] creating /workspace/ros2_ws/build/lidar_pipeline/build
[0.456s] creating /workspace/ros2_ws/build/lidar_pipeline/build/lib
[0.456s] creating /workspace/ros2_ws/build/lidar_pipeline/build/lib/lidar_pipeline
[0.456s] copying lidar_pipeline/point_filter.py -> /workspace/ros2_ws/build/lidar_pipeline/build/lib/lidar_pipeline
[0.456s] copying lidar_pipeline/__init__.py -> /workspace/ros2_ws/build/lidar_pipeline/build/lib/lidar_pipeline
[0.457s] copying lidar_pipeline/lidar_simulator.py -> /workspace/ros2_ws/build/lidar_pipeline/build/lib/lidar_pipeline
[0.457s] copying lidar_pipeline/cone_detector.py -> /workspace/ros2_ws/build/lidar_pipeline/build/lib/lidar_pipeline
[0.458s] running install
[0.459s] running install_lib
[0.459s] creating /workspace/ros2_ws/install/lidar_pipeline/lib/python3.10/site-packages/lidar_pipeline
[0.459s] copying /workspace/ros2_ws/build/lidar_pipeline/build/lib/lidar_pipeline/point_filter.py -> /workspace/ros2_ws/install/lidar_pipeline/lib/python3.10/site-packages/lidar_pipeline
[0.460s] copying /workspace/ros2_ws/build/lidar_pipeline/build/lib/lidar_pipeline/__init__.py -> /workspace/ros2_ws/install/lidar_pipeline/lib/python3.10/site-packages/lidar_pipeline
[0.460s] copying /workspace/ros2_ws/build/lidar_pipeline/build/lib/lidar_pipeline/lidar_simulator.py -> /workspace/ros2_ws/install/lidar_pipeline/lib/python3.10/site-packages/lidar_pipeline
[0.461s] copying /workspace/ros2_ws/build/lidar_pipeline/build/lib/lidar_pipeline/cone_detector.py -> /workspace/ros2_ws/install/lidar_pipeline/lib/python3.10/site-packages/lidar_pipeline
[0.462s] byte-compiling /workspace/ros2_ws/install/lidar_pipeline/lib/python3.10/site-packages/lidar_pipeline/point_filter.py to point_filter.cpython-310.pyc
[0.463s] byte-compiling /workspace/ros2_ws/install/lidar_pipeline/lib/python3.10/site-packages/lidar_pipeline/__init__.py to __init__.cpython-310.pyc
[0.465s] byte-compiling /workspace/ros2_ws/install/lidar_pipeline/lib/python3.10/site-packages/lidar_pipeline/lidar_simulator.py to lidar_simulator.cpython-310.pyc
[0.467s] byte-compiling /workspace/ros2_ws/install/lidar_pipeline/lib/python3.10/site-packages/lidar_pipeline/cone_detector.py to cone_detector.cpython-310.pyc
[0.468s] running install_data
[0.468s] creating /workspace/ros2_ws/install/lidar_pipeline/share/ament_index
[0.468s] creating /workspace/ros2_ws/install/lidar_pipeline/share/ament_index/resource_index
[0.469s] creating /workspace/ros2_ws/install/lidar_pipeline/share/ament_index/resource_index/packages
[0.469s] copying resource/lidar_pipeline -> /workspace/ros2_ws/install/lidar_pipeline/share/ament_index/resource_index/packages
[0.469s] copying package.xml -> /workspace/ros2_ws/install/lidar_pipeline/share/lidar_pipeline
[0.471s] running install_egg_info
[0.472s] Copying ../../build/lidar_pipeline/lidar_pipeline.egg-info to /workspace/ros2_ws/install/lidar_pipeline/lib/python3.10/site-packages/lidar_pipeline-0.0.0-py3.10.egg-info
[0.479s] running install_scripts
[0.494s] Installing cone_detector script to /workspace/ros2_ws/install/lidar_pipeline/lib/sensor_simulator
[0.494s] Installing lidar_simulator script to /workspace/ros2_ws/install/lidar_pipeline/lib/sensor_simulator
[0.495s] Installing point_filter script to /workspace/ros2_ws/install/lidar_pipeline/lib/sensor_simulator
[0.496s] writing list of installed files to '/workspace/ros2_ws/build/lidar_pipeline/install.log'
[0.517s] Invoked command in '/workspace/ros2_ws/src/lidar_pipeline' returned '0': PYTHONPATH=/workspace/ros2_ws/build/lidar_pipeline/prefix_override:/usr/lib/python3/dist-packages/colcon_core/task/python/colcon_distutils_commands:/workspace/ros2_ws/install/lidar_pipeline/lib/python3.10/site-packages:${PYTHONPATH} /usr/bin/python3 -W ignore:setup.py install is deprecated -W ignore:easy_install command is deprecated setup.py egg_info --egg-base ../../build/lidar_pipeline build --build-base /workspace/ros2_ws/build/lidar_pipeline/build install --record /workspace/ros2_ws/build/lidar_pipeline/install.log --single-version-externally-managed install_data
