running egg_info
writing ../../build/lidar_pipeline/lidar_pipeline.egg-info/PKG-INFO
writing dependency_links to ../../build/lidar_pipeline/lidar_pipeline.egg-info/dependency_links.txt
writing entry points to ../../build/lidar_pipeline/lidar_pipeline.egg-info/entry_points.txt
writing requirements to ../../build/lidar_pipeline/lidar_pipeline.egg-info/requires.txt
writing top-level names to ../../build/lidar_pipeline/lidar_pipeline.egg-info/top_level.txt
reading manifest file '../../build/lidar_pipeline/lidar_pipeline.egg-info/SOURCES.txt'
writing manifest file '../../build/lidar_pipeline/lidar_pipeline.egg-info/SOURCES.txt'
running build
running build_py
running install
running install_lib
running install_data
running install_egg_info
removing '/workspace/ros2_ws/install/lidar_pipeline/lib/python3.10/site-packages/lidar_pipeline-0.0.0-py3.10.egg-info' (and everything under it)
Copying ../../build/lidar_pipeline/lidar_pipeline.egg-info to /workspace/ros2_ws/install/lidar_pipeline/lib/python3.10/site-packages/lidar_pipeline-0.0.0-py3.10.egg-info
running install_scripts
Installing cone_detector script to /workspace/ros2_ws/install/lidar_pipeline/lib/sensor_simulator
Installing lidar_simulator script to /workspace/ros2_ws/install/lidar_pipeline/lib/sensor_simulator
Installing point_filter script to /workspace/ros2_ws/install/lidar_pipeline/lib/sensor_simulator
writing list of installed files to '/workspace/ros2_ws/build/lidar_pipeline/install.log'
