[0.334s] Invoking command in '/workspace/ros2_ws/src/lidar_pipeline': PYTHONPATH=/workspace/ros2_ws/build/lidar_pipeline/prefix_override:/usr/lib/python3/dist-packages/colcon_core/task/python/colcon_distutils_commands:/workspace/ros2_ws/install/lidar_pipeline/lib/python3.10/site-packages:${PYTHONPATH} /usr/bin/python3 -W ignore:setup.py install is deprecated -W ignore:easy_install command is deprecated setup.py egg_info --egg-base ../../build/lidar_pipeline build --build-base /workspace/ros2_ws/build/lidar_pipeline/build install --record /workspace/ros2_ws/build/lidar_pipeline/install.log --single-version-externally-managed install_data
[0.447s] running egg_info
[0.448s] writing ../../build/lidar_pipeline/lidar_pipeline.egg-info/PKG-INFO
[0.448s] writing dependency_links to ../../build/lidar_pipeline/lidar_pipeline.egg-info/dependency_links.txt
[0.449s] writing entry points to ../../build/lidar_pipeline/lidar_pipeline.egg-info/entry_points.txt
[0.449s] writing requirements to ../../build/lidar_pipeline/lidar_pipeline.egg-info/requires.txt
[0.449s] writing top-level names to ../../build/lidar_pipeline/lidar_pipeline.egg-info/top_level.txt
[0.451s] reading manifest file '../../build/lidar_pipeline/lidar_pipeline.egg-info/SOURCES.txt'
[0.453s] writing manifest file '../../build/lidar_pipeline/lidar_pipeline.egg-info/SOURCES.txt'
[0.453s] running build
[0.454s] running build_py
[0.455s] running install
[0.456s] running install_lib
[0.457s] running install_data
[0.458s] running install_egg_info
[0.458s] removing '/workspace/ros2_ws/install/lidar_pipeline/lib/python3.10/site-packages/lidar_pipeline-0.0.0-py3.10.egg-info' (and everything under it)
[0.459s] Copying ../../build/lidar_pipeline/lidar_pipeline.egg-info to /workspace/ros2_ws/install/lidar_pipeline/lib/python3.10/site-packages/lidar_pipeline-0.0.0-py3.10.egg-info
[0.465s] running install_scripts
[0.481s] Installing cone_detector script to /workspace/ros2_ws/install/lidar_pipeline/lib/sensor_simulator
[0.481s] Installing lidar_simulator script to /workspace/ros2_ws/install/lidar_pipeline/lib/sensor_simulator
[0.482s] Installing point_filter script to /workspace/ros2_ws/install/lidar_pipeline/lib/sensor_simulator
[0.483s] writing list of installed files to '/workspace/ros2_ws/build/lidar_pipeline/install.log'
[0.503s] Invoked command in '/workspace/ros2_ws/src/lidar_pipeline' returned '0': PYTHONPATH=/workspace/ros2_ws/build/lidar_pipeline/prefix_override:/usr/lib/python3/dist-packages/colcon_core/task/python/colcon_distutils_commands:/workspace/ros2_ws/install/lidar_pipeline/lib/python3.10/site-packages:${PYTHONPATH} /usr/bin/python3 -W ignore:setup.py install is deprecated -W ignore:easy_install command is deprecated setup.py egg_info --egg-base ../../build/lidar_pipeline build --build-base /workspace/ros2_ws/build/lidar_pipeline/build install --record /workspace/ros2_ws/build/lidar_pipeline/install.log --single-version-externally-managed install_data
